{"/Users/sarathjasrin/Development/Javascript/Tasks/cron-parser/src/enums.ts": {"path":"/Users/sarathjasrin/Development/Javascript/Tasks/cron-parser/src/enums.ts","statementMap":{"0":{"start":{"line":1,"column":0},"end":{"line":1,"column":null}},"1":{"start":{"line":2,"column":2},"end":{"line":2,"column":null}},"2":{"start":{"line":3,"column":2},"end":{"line":3,"column":null}},"3":{"start":{"line":4,"column":2},"end":{"line":4,"column":null}},"4":{"start":{"line":5,"column":2},"end":{"line":5,"column":null}},"5":{"start":{"line":6,"column":2},"end":{"line":6,"column":null}},"6":{"start":{"line":7,"column":2},"end":{"line":7,"column":null}},"7":{"start":{"line":8,"column":2},"end":{"line":8,"column":null}},"8":{"start":{"line":9,"column":2},"end":{"line":9,"column":null}},"9":{"start":{"line":10,"column":2},"end":{"line":10,"column":null}},"10":{"start":{"line":11,"column":2},"end":{"line":11,"column":null}},"11":{"start":{"line":12,"column":2},"end":{"line":12,"column":null}},"12":{"start":{"line":13,"column":2},"end":{"line":13,"column":null}},"13":{"start":{"line":16,"column":0},"end":{"line":16,"column":null}},"14":{"start":{"line":17,"column":2},"end":{"line":17,"column":null}},"15":{"start":{"line":18,"column":2},"end":{"line":18,"column":null}},"16":{"start":{"line":19,"column":2},"end":{"line":19,"column":null}},"17":{"start":{"line":20,"column":2},"end":{"line":20,"column":null}},"18":{"start":{"line":21,"column":2},"end":{"line":21,"column":null}},"19":{"start":{"line":22,"column":2},"end":{"line":22,"column":null}},"20":{"start":{"line":23,"column":2},"end":{"line":23,"column":null}}},"fnMap":{"0":{"name":"(anonymous_0)","decl":{"start":{"line":1,"column":0},"end":{"line":1,"column":12}},"loc":{"start":{"line":1,"column":18},"end":{"line":14,"column":1}}},"1":{"name":"(anonymous_1)","decl":{"start":{"line":16,"column":0},"end":{"line":16,"column":12}},"loc":{"start":{"line":16,"column":19},"end":{"line":24,"column":1}}}},"branchMap":{"0":{"loc":{"start":{"line":1,"column":12},"end":{"line":1,"column":null}},"type":"binary-expr","locations":[{"start":{"line":1,"column":12},"end":{"line":1,"column":18}},{"start":{"line":1,"column":18},"end":{"line":1,"column":null}}]},"1":{"loc":{"start":{"line":16,"column":12},"end":{"line":16,"column":null}},"type":"binary-expr","locations":[{"start":{"line":16,"column":12},"end":{"line":16,"column":19}},{"start":{"line":16,"column":19},"end":{"line":16,"column":null}}]}},"s":{"0":2,"1":2,"2":2,"3":2,"4":2,"5":2,"6":2,"7":2,"8":2,"9":2,"10":2,"11":2,"12":2,"13":2,"14":2,"15":2,"16":2,"17":2,"18":2,"19":2,"20":2},"f":{"0":2,"1":2},"b":{"0":[2,2],"1":[2,2]}}
,"/Users/sarathjasrin/Development/Javascript/Tasks/cron-parser/src/lib/constants.ts": {"path":"/Users/sarathjasrin/Development/Javascript/Tasks/cron-parser/src/lib/constants.ts","statementMap":{"0":{"start":{"line":1,"column":13},"end":{"line":7,"column":2}},"1":{"start":{"line":9,"column":13},"end":{"line":13,"column":2}}},"fnMap":{},"branchMap":{},"s":{"0":2,"1":2},"f":{},"b":{}}
,"/Users/sarathjasrin/Development/Javascript/Tasks/cron-parser/src/lib/utils.ts": {"path":"/Users/sarathjasrin/Development/Javascript/Tasks/cron-parser/src/lib/utils.ts","statementMap":{"0":{"start":{"line":1,"column":27},"end":{"line":3,"column":1}},"1":{"start":{"line":2,"column":2},"end":{"line":2,"column":39}},"2":{"start":{"line":1,"column":13},"end":{"line":1,"column":27}},"3":{"start":{"line":5,"column":26},"end":{"line":16,"column":1}},"4":{"start":{"line":9,"column":16},"end":{"line":9,"column":37}},"5":{"start":{"line":10,"column":16},"end":{"line":12,"column":4}},"6":{"start":{"line":14,"column":2},"end":{"line":14,"column":22}},"7":{"start":{"line":15,"column":2},"end":{"line":15,"column":26}},"8":{"start":{"line":5,"column":13},"end":{"line":5,"column":26}}},"fnMap":{"0":{"name":"(anonymous_0)","decl":{"start":{"line":1,"column":27},"end":{"line":1,"column":28}},"loc":{"start":{"line":1,"column":59},"end":{"line":3,"column":1}}},"1":{"name":"(anonymous_1)","decl":{"start":{"line":5,"column":26},"end":{"line":5,"column":null}},"loc":{"start":{"line":8,"column":4},"end":{"line":16,"column":1}}}},"branchMap":{"0":{"loc":{"start":{"line":1,"column":45},"end":{"line":1,"column":55}},"type":"default-arg","locations":[{"start":{"line":1,"column":53},"end":{"line":1,"column":55}}]},"1":{"loc":{"start":{"line":7,"column":2},"end":{"line":7,"column":40}},"type":"default-arg","locations":[{"start":{"line":7,"column":31},"end":{"line":7,"column":40}}]}},"s":{"0":2,"1":8,"2":2,"3":2,"4":0,"5":0,"6":0,"7":0,"8":2},"f":{"0":8,"1":0},"b":{"0":[5],"1":[0]}}
,"/Users/sarathjasrin/Development/Javascript/Tasks/cron-parser/src/lib/parser/index.ts": {"path":"/Users/sarathjasrin/Development/Javascript/Tasks/cron-parser/src/lib/parser/index.ts","statementMap":{"0":{"start":{"line":1,"column":0},"end":{"line":1,"column":45}},"1":{"start":{"line":2,"column":0},"end":{"line":2,"column":39}},"2":{"start":{"line":3,"column":0},"end":{"line":3,"column":38}},"3":{"start":{"line":5,"column":22},"end":{"line":22,"column":1}},"4":{"start":{"line":6,"column":21},"end":{"line":6,"column":48}},"5":{"start":{"line":7,"column":2},"end":{"line":11,"column":3}},"6":{"start":{"line":8,"column":4},"end":{"line":10,"column":7}},"7":{"start":{"line":12,"column":2},"end":{"line":12,"column":13}},"8":{"start":{"line":14,"column":2},"end":{"line":21,"column":4}},"9":{"start":{"line":5,"column":13},"end":{"line":5,"column":22}}},"fnMap":{"0":{"name":"(anonymous_0)","decl":{"start":{"line":5,"column":22},"end":{"line":5,"column":23}},"loc":{"start":{"line":5,"column":42},"end":{"line":22,"column":1}}}},"branchMap":{"0":{"loc":{"start":{"line":7,"column":2},"end":{"line":11,"column":3}},"type":"if","locations":[{"start":{"line":7,"column":2},"end":{"line":11,"column":3}},{"start":{},"end":{}}]}},"s":{"0":1,"1":1,"2":1,"3":1,"4":8,"5":8,"6":1,"7":7,"8":7,"9":1},"f":{"0":8},"b":{"0":[1,7]}}
,"/Users/sarathjasrin/Development/Javascript/Tasks/cron-parser/src/lib/parser/parser.ts": {"path":"/Users/sarathjasrin/Development/Javascript/Tasks/cron-parser/src/lib/parser/parser.ts","statementMap":{"0":{"start":{"line":1,"column":0},"end":{"line":1,"column":62}},"1":{"start":{"line":2,"column":0},"end":{"line":2,"column":39}},"2":{"start":{"line":3,"column":0},"end":{"line":3,"column":45}},"3":{"start":{"line":4,"column":0},"end":{"line":4,"column":46}},"4":{"start":{"line":6,"column":26},"end":{"line":68,"column":1}},"5":{"start":{"line":7,"column":23},"end":{"line":7,"column":35}},"6":{"start":{"line":8,"column":27},"end":{"line":8,"column":29}},"7":{"start":{"line":10,"column":2},"end":{"line":14,"column":3}},"8":{"start":{"line":11,"column":4},"end":{"line":11,"column":32}},"9":{"start":{"line":12,"column":27},"end":{"line":12,"column":59}},"10":{"start":{"line":13,"column":4},"end":{"line":13,"column":58}},"11":{"start":{"line":13,"column":24},"end":{"line":13,"column":58}},"12":{"start":{"line":16,"column":2},"end":{"line":65,"column":3}},"13":{"start":{"line":17,"column":4},"end":{"line":17,"column":52}},"14":{"start":{"line":17,"column":17},"end":{"line":17,"column":20}},"15":{"start":{"line":17,"column":37},"end":{"line":17,"column":52}},"16":{"start":{"line":18,"column":9},"end":{"line":65,"column":3}},"17":{"start":{"line":19,"column":26},"end":{"line":19,"column":42}},"18":{"start":{"line":20,"column":20},"end":{"line":20,"column":32}},"19":{"start":{"line":21,"column":21},"end":{"line":21,"column":50}},"20":{"start":{"line":23,"column":4},"end":{"line":29,"column":5}},"21":{"start":{"line":24,"column":6},"end":{"line":27,"column":8}},"22":{"start":{"line":28,"column":6},"end":{"line":28,"column":21}},"23":{"start":{"line":31,"column":4},"end":{"line":33,"column":5}},"24":{"start":{"line":31,"column":17},"end":{"line":31,"column":29}},"25":{"start":{"line":32,"column":6},"end":{"line":32,"column":21}},"26":{"start":{"line":34,"column":9},"end":{"line":65,"column":3}},"27":{"start":{"line":35,"column":21},"end":{"line":35,"column":50}},"28":{"start":{"line":37,"column":4},"end":{"line":43,"column":5}},"29":{"start":{"line":38,"column":6},"end":{"line":41,"column":8}},"30":{"start":{"line":42,"column":6},"end":{"line":42,"column":21}},"31":{"start":{"line":45,"column":4},"end":{"line":45,"column":70}},"32":{"start":{"line":45,"column":17},"end":{"line":45,"column":29}},"33":{"start":{"line":45,"column":55},"end":{"line":45,"column":70}},"34":{"start":{"line":46,"column":9},"end":{"line":65,"column":3}},"35":{"start":{"line":47,"column":17},"end":{"line":47,"column":45}},"36":{"start":{"line":48,"column":4},"end":{"line":54,"column":5}},"37":{"start":{"line":49,"column":6},"end":{"line":52,"column":8}},"38":{"start":{"line":53,"column":6},"end":{"line":53,"column":17}},"39":{"start":{"line":55,"column":4},"end":{"line":55,"column":25}},"40":{"start":{"line":57,"column":18},"end":{"line":57,"column":31}},"41":{"start":{"line":58,"column":4},"end":{"line":63,"column":5}},"42":{"start":{"line":59,"column":6},"end":{"line":62,"column":9}},"43":{"start":{"line":64,"column":4},"end":{"line":64,"column":23}},"44":{"start":{"line":67,"column":2},"end":{"line":67,"column":16}},"45":{"start":{"line":6,"column":13},"end":{"line":6,"column":26}},"46":{"start":{"line":70,"column":17},"end":{"line":90,"column":1}},"47":{"start":{"line":71,"column":2},"end":{"line":89,"column":3}},"48":{"start":{"line":72,"column":4},"end":{"line":72,"column":17}},"49":{"start":{"line":73,"column":9},"end":{"line":89,"column":3}},"50":{"start":{"line":74,"column":25},"end":{"line":74,"column":53}},"51":{"start":{"line":75,"column":4},"end":{"line":83,"column":5}},"52":{"start":{"line":82,"column":6},"end":{"line":82,"column":54}},"53":{"start":{"line":84,"column":4},"end":{"line":84,"column":36}},"54":{"start":{"line":86,"column":16},"end":{"line":86,"column":29}},"55":{"start":{"line":87,"column":4},"end":{"line":87,"column":68}},"56":{"start":{"line":87,"column":20},"end":{"line":87,"column":68}},"57":{"start":{"line":88,"column":4},"end":{"line":88,"column":40}},"58":{"start":{"line":92,"column":16},"end":{"line":98,"column":1}},"59":{"start":{"line":93,"column":16},"end":{"line":93,"column":49}},"60":{"start":{"line":94,"column":2},"end":{"line":96,"column":3}},"61":{"start":{"line":94,"column":24},"end":{"line":94,"column":66}},"62":{"start":{"line":95,"column":4},"end":{"line":95,"column":51}},"63":{"start":{"line":97,"column":2},"end":{"line":97,"column":15}},"64":{"start":{"line":100,"column":28},"end":{"line":127,"column":1}},"65":{"start":{"line":101,"column":15},"end":{"line":101,"column":17}},"66":{"start":{"line":102,"column":18},"end":{"line":102,"column":20}},"67":{"start":{"line":104,"column":2},"end":{"line":108,"column":3}},"68":{"start":{"line":105,"column":4},"end":{"line":105,"column":29}},"69":{"start":{"line":107,"column":4},"end":{"line":107,"column":20}},"70":{"start":{"line":110,"column":2},"end":{"line":125,"column":3}},"71":{"start":{"line":111,"column":4},"end":{"line":111,"column":17}},"72":{"start":{"line":112,"column":16},"end":{"line":112,"column":25}},"73":{"start":{"line":113,"column":4},"end":{"line":116,"column":5}},"74":{"start":{"line":114,"column":6},"end":{"line":114,"column":24}},"75":{"start":{"line":115,"column":6},"end":{"line":115,"column":15}},"76":{"start":{"line":119,"column":6},"end":{"line":121,"column":44}},"77":{"start":{"line":122,"column":4},"end":{"line":124,"column":5}},"78":{"start":{"line":123,"column":6},"end":{"line":123,"column":26}},"79":{"start":{"line":126,"column":2},"end":{"line":126,"column":55}}},"fnMap":{"0":{"name":"(anonymous_0)","decl":{"start":{"line":6,"column":26},"end":{"line":6,"column":27}},"loc":{"start":{"line":6,"column":71},"end":{"line":68,"column":1}}},"1":{"name":"(anonymous_1)","decl":{"start":{"line":70,"column":17},"end":{"line":70,"column":18}},"loc":{"start":{"line":70,"column":64},"end":{"line":90,"column":1}}},"2":{"name":"(anonymous_2)","decl":{"start":{"line":92,"column":16},"end":{"line":92,"column":17}},"loc":{"start":{"line":92,"column":71},"end":{"line":98,"column":1}}},"3":{"name":"(anonymous_3)","decl":{"start":{"line":94,"column":17},"end":{"line":94,"column":18}},"loc":{"start":{"line":94,"column":24},"end":{"line":94,"column":66}}},"4":{"name":"(anonymous_4)","decl":{"start":{"line":100,"column":28},"end":{"line":100,"column":29}},"loc":{"start":{"line":100,"column":76},"end":{"line":127,"column":1}}}},"branchMap":{"0":{"loc":{"start":{"line":10,"column":2},"end":{"line":14,"column":3}},"type":"if","locations":[{"start":{"line":10,"column":2},"end":{"line":14,"column":3}},{"start":{},"end":{}}]},"1":{"loc":{"start":{"line":10,"column":6},"end":{"line":10,"column":41}},"type":"binary-expr","locations":[{"start":{"line":10,"column":6},"end":{"line":10,"column":22}},{"start":{"line":10,"column":26},"end":{"line":10,"column":41}}]},"2":{"loc":{"start":{"line":13,"column":4},"end":{"line":13,"column":58}},"type":"if","locations":[{"start":{"line":13,"column":4},"end":{"line":13,"column":58}},{"start":{},"end":{}}]},"3":{"loc":{"start":{"line":16,"column":2},"end":{"line":65,"column":3}},"type":"if","locations":[{"start":{"line":16,"column":2},"end":{"line":65,"column":3}},{"start":{"line":18,"column":9},"end":{"line":65,"column":3}}]},"4":{"loc":{"start":{"line":18,"column":9},"end":{"line":65,"column":3}},"type":"if","locations":[{"start":{"line":18,"column":9},"end":{"line":65,"column":3}},{"start":{"line":34,"column":9},"end":{"line":65,"column":3}}]},"5":{"loc":{"start":{"line":23,"column":4},"end":{"line":29,"column":5}},"type":"if","locations":[{"start":{"line":23,"column":4},"end":{"line":29,"column":5}},{"start":{},"end":{}}]},"6":{"loc":{"start":{"line":34,"column":9},"end":{"line":65,"column":3}},"type":"if","locations":[{"start":{"line":34,"column":9},"end":{"line":65,"column":3}},{"start":{"line":46,"column":9},"end":{"line":65,"column":3}}]},"7":{"loc":{"start":{"line":37,"column":4},"end":{"line":43,"column":5}},"type":"if","locations":[{"start":{"line":37,"column":4},"end":{"line":43,"column":5}},{"start":{},"end":{}}]},"8":{"loc":{"start":{"line":46,"column":9},"end":{"line":65,"column":3}},"type":"if","locations":[{"start":{"line":46,"column":9},"end":{"line":65,"column":3}},{"start":{"line":56,"column":9},"end":{"line":65,"column":3}}]},"9":{"loc":{"start":{"line":48,"column":4},"end":{"line":54,"column":5}},"type":"if","locations":[{"start":{"line":48,"column":4},"end":{"line":54,"column":5}},{"start":{},"end":{}}]},"10":{"loc":{"start":{"line":58,"column":4},"end":{"line":63,"column":5}},"type":"if","locations":[{"start":{"line":58,"column":4},"end":{"line":63,"column":5}},{"start":{},"end":{}}]},"11":{"loc":{"start":{"line":58,"column":8},"end":{"line":58,"column":50}},"type":"binary-expr","locations":[{"start":{"line":58,"column":8},"end":{"line":58,"column":20}},{"start":{"line":58,"column":24},"end":{"line":58,"column":35}},{"start":{"line":58,"column":39},"end":{"line":58,"column":50}}]},"12":{"loc":{"start":{"line":71,"column":2},"end":{"line":89,"column":3}},"type":"if","locations":[{"start":{"line":71,"column":2},"end":{"line":89,"column":3}},{"start":{"line":73,"column":9},"end":{"line":89,"column":3}}]},"13":{"loc":{"start":{"line":73,"column":9},"end":{"line":89,"column":3}},"type":"if","locations":[{"start":{"line":73,"column":9},"end":{"line":89,"column":3}},{"start":{"line":85,"column":9},"end":{"line":89,"column":3}}]},"14":{"loc":{"start":{"line":75,"column":4},"end":{"line":83,"column":5}},"type":"if","locations":[{"start":{"line":75,"column":4},"end":{"line":83,"column":5}},{"start":{},"end":{}}]},"15":{"loc":{"start":{"line":76,"column":6},"end":{"line":80,"column":17}},"type":"binary-expr","locations":[{"start":{"line":76,"column":6},"end":{"line":76,"column":18}},{"start":{"line":77,"column":6},"end":{"line":77,"column":16}},{"start":{"line":78,"column":6},"end":{"line":78,"column":23}},{"start":{"line":79,"column":6},"end":{"line":79,"column":21}},{"start":{"line":80,"column":6},"end":{"line":80,"column":17}}]},"16":{"loc":{"start":{"line":87,"column":4},"end":{"line":87,"column":68}},"type":"if","locations":[{"start":{"line":87,"column":4},"end":{"line":87,"column":68}},{"start":{},"end":{}}]},"17":{"loc":{"start":{"line":94,"column":2},"end":{"line":96,"column":3}},"type":"if","locations":[{"start":{"line":94,"column":2},"end":{"line":96,"column":3}},{"start":{},"end":{}}]},"18":{"loc":{"start":{"line":94,"column":24},"end":{"line":94,"column":66}},"type":"binary-expr","locations":[{"start":{"line":94,"column":24},"end":{"line":94,"column":32}},{"start":{"line":94,"column":36},"end":{"line":94,"column":49}},{"start":{"line":94,"column":53},"end":{"line":94,"column":66}}]},"19":{"loc":{"start":{"line":100,"column":43},"end":{"line":100,"column":57}},"type":"default-arg","locations":[{"start":{"line":100,"column":50},"end":{"line":100,"column":57}}]},"20":{"loc":{"start":{"line":104,"column":2},"end":{"line":108,"column":3}},"type":"if","locations":[{"start":{"line":104,"column":2},"end":{"line":108,"column":3}},{"start":{"line":106,"column":9},"end":{"line":108,"column":3}}]},"21":{"loc":{"start":{"line":113,"column":4},"end":{"line":116,"column":5}},"type":"if","locations":[{"start":{"line":113,"column":4},"end":{"line":116,"column":5}},{"start":{},"end":{}}]},"22":{"loc":{"start":{"line":119,"column":6},"end":{"line":121,"column":44}},"type":"cond-expr","locations":[{"start":{"line":120,"column":10},"end":{"line":120,"column":42}},{"start":{"line":121,"column":10},"end":{"line":121,"column":44}}]},"23":{"loc":{"start":{"line":122,"column":4},"end":{"line":124,"column":5}},"type":"if","locations":[{"start":{"line":122,"column":4},"end":{"line":124,"column":5}},{"start":{},"end":{}}]},"24":{"loc":{"start":{"line":126,"column":9},"end":{"line":126,"column":54}},"type":"cond-expr","locations":[{"start":{"line":126,"column":30},"end":{"line":126,"column":47}},{"start":{"line":126,"column":50},"end":{"line":126,"column":54}}]}},"s":{"0":2,"1":2,"2":2,"3":2,"4":2,"5":50,"6":50,"7":50,"8":16,"9":16,"10":16,"11":5,"12":50,"13":15,"14":15,"15":320,"16":35,"17":6,"18":6,"19":6,"20":6,"21":1,"22":1,"23":5,"24":5,"25":35,"26":29,"27":9,"28":9,"29":2,"30":2,"31":7,"32":7,"33":19,"34":20,"35":10,"36":10,"37":2,"38":2,"39":8,"40":10,"41":10,"42":2,"43":8,"44":43,"45":2,"46":2,"47":15,"48":2,"49":13,"50":11,"51":11,"52":2,"53":9,"54":2,"55":2,"56":1,"57":1,"58":2,"59":10,"60":10,"61":24,"62":2,"63":8,"64":2,"65":16,"66":16,"67":16,"68":3,"69":13,"70":16,"71":19,"72":19,"73":19,"74":2,"75":2,"76":17,"77":17,"78":6,"79":16},"f":{"0":50,"1":15,"2":10,"3":24,"4":16},"b":{"0":[16,34],"1":[50,41],"2":[5,11],"3":[15,35],"4":[6,29],"5":[1,5],"6":[9,20],"7":[2,7],"8":[10,10],"9":[2,8],"10":[2,8],"11":[10,9,9],"12":[2,13],"13":[11,2],"14":[2,9],"15":[11,11,10,10,9],"16":[1,1],"17":[2,8],"18":[24,24,24],"19":[0],"20":[3,13],"21":[2,17],"22":[9,8],"23":[6,11],"24":[5,11]}}
,"/Users/sarathjasrin/Development/Javascript/Tasks/cron-parser/src/model/common.ts": {"path":"/Users/sarathjasrin/Development/Javascript/Tasks/cron-parser/src/model/common.ts","statementMap":{"0":{"start":{"line":1,"column":18},"end":{"line":1,"column":21}},"1":{"start":{"line":19,"column":13},"end":{"line":26,"column":2}}},"fnMap":{},"branchMap":{},"s":{"0":2,"1":2},"f":{},"b":{}}
}
