TN:
SF:src/enums.ts
FN:1,(anonymous_0)
FN:16,(anonymous_1)
FNF:2
FNH:2
FNDA:2,(anonymous_0)
FNDA:2,(anonymous_1)
DA:1,2
DA:2,2
DA:3,2
DA:4,2
DA:5,2
DA:6,2
DA:7,2
DA:8,2
DA:9,2
DA:10,2
DA:11,2
DA:12,2
DA:13,2
DA:16,2
DA:17,2
DA:18,2
DA:19,2
DA:20,2
DA:21,2
DA:22,2
DA:23,2
LF:21
LH:21
BRDA:1,0,0,2
BRDA:1,0,1,2
BRDA:16,1,0,2
BRDA:16,1,1,2
BRF:4
BRH:4
end_of_record
TN:
SF:src/lib/constants.ts
FNF:0
FNH:0
DA:1,2
DA:9,2
LF:2
LH:2
BRF:0
BRH:0
end_of_record
TN:
SF:src/lib/utils.ts
FN:1,(anonymous_0)
FN:5,(anonymous_1)
FNF:2
FNH:1
FNDA:8,(anonymous_0)
FNDA:0,(anonymous_1)
DA:1,2
DA:2,8
DA:5,2
DA:9,0
DA:10,0
DA:14,0
DA:15,0
LF:7
LH:3
BRDA:1,0,0,5
BRDA:7,1,0,0
BRF:2
BRH:1
end_of_record
TN:
SF:src/lib/parser/index.ts
FN:5,(anonymous_0)
FNF:1
FNH:1
FNDA:8,(anonymous_0)
DA:1,1
DA:2,1
DA:3,1
DA:5,1
DA:6,8
DA:7,8
DA:8,1
DA:12,7
DA:14,7
LF:9
LH:9
BRDA:7,0,0,1
BRDA:7,0,1,7
BRF:2
BRH:2
end_of_record
TN:
SF:src/lib/parser/parser.ts
FN:6,(anonymous_0)
FN:70,(anonymous_1)
FN:92,(anonymous_2)
FN:94,(anonymous_3)
FN:100,(anonymous_4)
FNF:5
FNH:5
FNDA:50,(anonymous_0)
FNDA:15,(anonymous_1)
FNDA:10,(anonymous_2)
FNDA:24,(anonymous_3)
FNDA:16,(anonymous_4)
DA:1,2
DA:2,2
DA:3,2
DA:4,2
DA:6,2
DA:7,50
DA:8,50
DA:10,50
DA:11,16
DA:12,16
DA:13,16
DA:16,50
DA:17,320
DA:18,35
DA:19,6
DA:20,6
DA:21,6
DA:23,6
DA:24,1
DA:28,1
DA:31,5
DA:32,35
DA:34,29
DA:35,9
DA:37,9
DA:38,2
DA:42,2
DA:45,19
DA:46,20
DA:47,10
DA:48,10
DA:49,2
DA:53,2
DA:55,8
DA:57,10
DA:58,10
DA:59,2
DA:64,8
DA:67,43
DA:70,2
DA:71,15
DA:72,2
DA:73,13
DA:74,11
DA:75,11
DA:82,2
DA:84,9
DA:86,2
DA:87,2
DA:88,1
DA:92,2
DA:93,10
DA:94,24
DA:95,2
DA:97,8
DA:100,2
DA:101,16
DA:102,16
DA:104,16
DA:105,3
DA:107,13
DA:110,16
DA:111,19
DA:112,19
DA:113,19
DA:114,2
DA:115,2
DA:119,17
DA:122,17
DA:123,6
DA:126,16
LF:71
LH:71
BRDA:10,0,0,16
BRDA:10,0,1,34
BRDA:10,1,0,50
BRDA:10,1,1,41
BRDA:13,2,0,5
BRDA:13,2,1,11
BRDA:16,3,0,15
BRDA:16,3,1,35
BRDA:18,4,0,6
BRDA:18,4,1,29
BRDA:23,5,0,1
BRDA:23,5,1,5
BRDA:34,6,0,9
BRDA:34,6,1,20
BRDA:37,7,0,2
BRDA:37,7,1,7
BRDA:46,8,0,10
BRDA:46,8,1,10
BRDA:48,9,0,2
BRDA:48,9,1,8
BRDA:58,10,0,2
BRDA:58,10,1,8
BRDA:58,11,0,10
BRDA:58,11,1,9
BRDA:58,11,2,9
BRDA:71,12,0,2
BRDA:71,12,1,13
BRDA:73,13,0,11
BRDA:73,13,1,2
BRDA:75,14,0,2
BRDA:75,14,1,9
BRDA:76,15,0,11
BRDA:76,15,1,11
BRDA:76,15,2,10
BRDA:76,15,3,10
BRDA:76,15,4,9
BRDA:87,16,0,1
BRDA:87,16,1,1
BRDA:94,17,0,2
BRDA:94,17,1,8
BRDA:94,18,0,24
BRDA:94,18,1,24
BRDA:94,18,2,24
BRDA:100,19,0,0
BRDA:104,20,0,3
BRDA:104,20,1,13
BRDA:113,21,0,2
BRDA:113,21,1,17
BRDA:119,22,0,9
BRDA:119,22,1,8
BRDA:122,23,0,6
BRDA:122,23,1,11
BRDA:126,24,0,5
BRDA:126,24,1,11
BRF:54
BRH:53
end_of_record
TN:
SF:src/model/common.ts
FNF:0
FNH:0
DA:1,2
DA:19,2
LF:2
LH:2
BRF:0
BRH:0
end_of_record
